[0.046s] Invoking command in '/home/mrmnavjet/IRC2026/ircWS/build/planner': CMAKE_PREFIX_PATH=/home/mrmnavjet/IRC2026/ircWS/install/custom_msgs:/home/mrmnavjet/zed_ros_ws/install/zed_ros2:/home/mrmnavjet/zed_ros_ws/install/zed_wrapper:/home/mrmnavjet/zed_ros_ws/install/zed_components:/home/mrmnavjet/IRC2026/ircWS/install/planner:/home/mrmnavjet/test/ERC2025/install/planner:/home/mrmnavjet/test/ERC2025/install/robot_interface:/home/mrmnavjet/test/ERC2025/install/leo_rover:/home/mrmnavjet/IRC2026/ircWS/install/yolo:/home/mrmnavjet/IRC2026/ircWS/install/gps:/home/mrmnavjet/test/ERC2025/install/leo_nodes:/home/mrmnavjet/test/ERC2025/install/gps:/opt/ros/humble LD_LIBRARY_PATH=/home/mrmnavjet/IRC2026/ircWS/install/custom_msgs/lib:/home/mrmnavjet/zed_ros_ws/install/zed_components/lib:/home/mrmnavjet/test/ERC2025/install/robot_interface/lib:/opt/ros/humble/opt/rviz_ogre_vendor/lib:/opt/ros/humble/lib/aarch64-linux-gnu:/opt/ros/humble/lib:/usr/local/cuda-12.6/lib64 /usr/bin/cmake --build /home/mrmnavjet/IRC2026/ircWS/build/planner -- -j6 -l6
[0.187s] [35m[1mConsolidate compiler generated dependencies of target irc_planner_node[0m
[0.193s] [ 16%] Built target shared_state
[0.260s] [ 33%] Built target imu_conversion_node
[0.262s] [ 50%] Built target relay_node
[0.268s] [ 66%] Built target motorcontroller
[0.271s] [ 83%] Built target stack_node
[0.323s] [ 91%] [32mBuilding CXX object CMakeFiles/irc_planner_node.dir/src/irc_planner_node.cpp.o[0m
[12.855s] In file included from [01m[K/home/mrmnavjet/IRC2026/ircWS/src/planner/src/irc_planner_node.cpp:3[m[K:
[12.856s] [01m[K/home/mrmnavjet/IRC2026/ircWS/src/planner/include/stack/irc_planner.hpp:232:5:[m[K [01;31m[Kerror: [m[Kâ€˜[01m[Kcloud[m[Kâ€™ does not name a type
[12.856s]   232 |     [01;31m[Kcloud[m[K = std::make_shared<pcl::PointCloud<pcl::PointXYZ>>();
[12.856s]       |     [01;31m[K^~~~~[m[K
[12.873s] [01m[K/home/mrmnavjet/IRC2026/ircWS/src/planner/include/stack/irc_planner.hpp:[m[K In constructor â€˜[01m[Kplanner::SensorCallback::SensorCallback()[m[Kâ€™:
[12.873s] [01m[K/home/mrmnavjet/IRC2026/ircWS/src/planner/include/stack/irc_planner.hpp:122:3:[m[K [01;31m[Kerror: [m[Kclass â€˜[01m[Kplanner::SensorCallback[m[Kâ€™ does not have any field named â€˜[01m[Knav_done[m[Kâ€™
[12.874s]   122 |   [01;31m[Knav_done[m[K(false),
[12.874s]       |   [01;31m[K^~~~~~~~[m[K
[12.874s] [01m[K/home/mrmnavjet/IRC2026/ircWS/src/planner/include/stack/irc_planner.hpp:244:17:[m[K [01;35m[Kwarning: [m[Kâ€˜[01m[Kplanner::SensorCallback::goal_location[m[Kâ€™ will be initialized after [[01;35m[K]8;;https://gcc.gnu.org/onlinedocs/gcc/Warning-Options.html#index-Wreorder-Wreorder]8;;[m[K]
[12.874s]   244 |     Coordinates [01;35m[Kgoal_location[m[K;
[12.874s]       |                 [01;35m[K^~~~~~~~~~~~~[m[K
[12.875s] [01m[K/home/mrmnavjet/IRC2026/ircWS/src/planner/include/stack/irc_planner.hpp:241:9:[m[K [01;35m[Kwarning: [m[K  â€˜[01m[Kint planner::SensorCallback::nav_mode[m[Kâ€™ [[01;35m[K]8;;https://gcc.gnu.org/onlinedocs/gcc/Warning-Options.html#index-Wreorder-Wreorder]8;;[m[K]
[12.875s]   241 |     int [01;35m[Knav_mode[m[K = -1;        // 0 = GPS, 1 = Cone
[12.875s]       |         [01;35m[K^~~~~~~~[m[K
[12.875s] [01m[K/home/mrmnavjet/IRC2026/ircWS/src/planner/include/stack/irc_planner.hpp:111:5:[m[K [01;35m[Kwarning: [m[K  when initialized here [[01;35m[K]8;;https://gcc.gnu.org/onlinedocs/gcc/Warning-Options.html#index-Wreorder-Wreorder]8;;[m[K]
[12.876s]   111 |     [01;35m[KSensorCallback[m[K(): Node("planner_node"),
[12.876s]       |     [01;35m[K^~~~~~~~~~~~~~[m[K
[13.013s] [01m[K/home/mrmnavjet/IRC2026/ircWS/src/planner/include/stack/irc_planner.hpp:[m[K In member function â€˜[01m[Kvoid planner::SensorCallback::pclCallback(sensor_msgs::msg::PointCloud2_<std::allocator<void> >::SharedPtr)[m[Kâ€™:
[13.014s] [01m[K/home/mrmnavjet/IRC2026/ircWS/src/planner/include/stack/irc_planner.hpp:550:25:[m[K [01;31m[Kerror: [m[Kâ€˜[01m[Knav_done[m[Kâ€™ was not declared in this scope; did you mean â€˜[01m[Knav_mode[m[Kâ€™?
[13.014s]   550 |     if (!rover_state || [01;31m[Knav_done[m[K)
[13.014s]       |                         [01;31m[K^~~~~~~~[m[K
[13.014s]       |                         [32m[Knav_mode[m[K
[13.059s] [01m[K/home/mrmnavjet/IRC2026/ircWS/src/planner/include/stack/irc_planner.hpp:[m[K In member function â€˜[01m[Kvoid planner::SensorCallback::stackRun()[m[Kâ€™:
[13.059s] [01m[K/home/mrmnavjet/IRC2026/ircWS/src/planner/include/stack/irc_planner.hpp:662:25:[m[K [01;31m[Kerror: [m[Kâ€˜[01m[Knav_done[m[Kâ€™ was not declared in this scope; did you mean â€˜[01m[Knav_mode[m[Kâ€™?
[13.060s]   662 |     if (!rover_state || [01;31m[Knav_done[m[K)
[13.060s]       |                         [01;31m[K^~~~~~~~[m[K
[13.060s]       |                         [32m[Knav_mode[m[K
[13.064s] [01m[K/home/mrmnavjet/IRC2026/ircWS/src/planner/include/stack/irc_planner.hpp:[m[K At global scope:
[13.064s] [01m[K/home/mrmnavjet/IRC2026/ircWS/src/planner/include/stack/irc_planner.hpp:878:16:[m[K [01;31m[Kerror: [m[Kinvalid use of â€˜[01m[Kthis[m[Kâ€™ at top level
[13.065s]   878 |     auto now = [01;31m[Kthis[m[K->get_clock()->now();
[13.065s]       |                [01;31m[K^~~~[m[K
[13.065s] [01m[K/home/mrmnavjet/IRC2026/ircWS/src/planner/include/stack/irc_planner.hpp:881:5:[m[K [01;31m[Kerror: [m[Kexpected unqualified-id before â€˜[01m[Kif[m[Kâ€™
[13.065s]   881 |     [01;31m[Kif[m[K (CurrState != kSearchPattern)
[13.065s]       |     [01;31m[K^~[m[K
[13.066s] [01m[K/home/mrmnavjet/IRC2026/ircWS/src/planner/include/stack/irc_planner.hpp:887:5:[m[K [01;31m[Kerror: [m[Kexpected unqualified-id before â€˜[01m[Kif[m[Kâ€™
[13.066s]   887 |     [01;31m[Kif[m[K (obstacle_detect || cone_detect)
[13.066s]       |     [01;31m[K^~[m[K
[13.066s] [01m[K/home/mrmnavjet/IRC2026/ircWS/src/planner/include/stack/irc_planner.hpp:900:5:[m[K [01;31m[Kerror: [m[Kexpected unqualified-id before â€˜[01m[Kif[m[Kâ€™
[13.067s]   900 |     [01;31m[Kif[m[K (!search_init)
[13.067s]       |     [01;31m[K^~[m[K
[13.067s] [01m[K/home/mrmnavjet/IRC2026/ircWS/src/planner/include/stack/irc_planner.hpp:915:5:[m[K [01;31m[Kerror: [m[Kexpected unqualified-id before â€˜[01m[Kswitch[m[Kâ€™
[13.067s]   915 |     [01;31m[Kswitch[m[K (FollowPattern)
[13.067s]       |     [01;31m[K^~~~~~[m[K
[13.068s] [01m[K/home/mrmnavjet/IRC2026/ircWS/src/planner/include/stack/irc_planner.hpp:1036:15:[m[K [01;31m[Kerror: [m[Kexpected constructor, destructor, or type conversion before â€˜[01m[K([m[Kâ€™ token
[13.068s]  1036 |     publishVel[01;31m[K([m[Kcmd);
[13.068s]       |               [01;31m[K^[m[K
[13.106s] [01m[K/home/mrmnavjet/IRC2026/ircWS/src/planner/include/stack/irc_planner.hpp:[m[K In member function â€˜[01m[Kvoid planner::SensorCallback::obstacleAvoidance()[m[Kâ€™:
[13.106s] [01m[K/home/mrmnavjet/IRC2026/ircWS/src/planner/include/stack/irc_planner.hpp:1043:38:[m[K [01;31m[Kerror: [m[Kâ€˜[01m[Kobstacle_mutex[m[Kâ€™ was not declared in this scope; did you mean â€˜[01m[Kobstacle_detect[m[Kâ€™?
[13.106s]  1043 |     std::lock_guard<std::mutex> lock([01;31m[Kobstacle_mutex[m[K);
[13.106s]       |                                      [01;31m[K^~~~~~~~~~~~~~[m[K
[13.107s]       |                                      [32m[Kobstacle_detect[m[K
[27.833s] [01m[K/home/mrmnavjet/IRC2026/ircWS/src/planner/include/stack/irc_planner.hpp:[m[K At global scope:
[27.833s] [01m[K/home/mrmnavjet/IRC2026/ircWS/src/planner/include/stack/irc_planner.hpp:875:19:[m[K [01;35m[Kwarning: [m[Kâ€˜[01m[Kplanner::time_offset[m[Kâ€™ defined but not used [[01;35m[K]8;;https://gcc.gnu.org/onlinedocs/gcc/Warning-Options.html#index-Wunused-variable-Wunused-variable]8;;[m[K]
[27.833s]   875 |     static double [01;35m[Ktime_offset[m[K = 3.0;
[27.833s]       |                   [01;35m[K^~~~~~~~~~~[m[K
[27.834s] [01m[K/home/mrmnavjet/IRC2026/ircWS/src/planner/include/stack/irc_planner.hpp:874:16:[m[K [01;35m[Kwarning: [m[Kâ€˜[01m[Kplanner::offset_counter[m[Kâ€™ defined but not used [[01;35m[K]8;;https://gcc.gnu.org/onlinedocs/gcc/Warning-Options.html#index-Wunused-variable-Wunused-variable]8;;[m[K]
[27.834s]   874 |     static int [01;35m[Koffset_counter[m[K = 0;
[27.834s]       |                [01;35m[K^~~~~~~~~~~~~~[m[K
[27.834s] [01m[K/home/mrmnavjet/IRC2026/ircWS/src/planner/include/stack/irc_planner.hpp:873:19:[m[K [01;35m[Kwarning: [m[Kâ€˜[01m[Kplanner::dest_heading[m[Kâ€™ defined but not used [[01;35m[K]8;;https://gcc.gnu.org/onlinedocs/gcc/Warning-Options.html#index-Wunused-variable-Wunused-variable]8;;[m[K]
[27.835s]   873 |     static double [01;35m[Kdest_heading[m[K = 0.0;
[27.835s]       |                   [01;35m[K^~~~~~~~~~~~[m[K
[27.835s] [01m[K/home/mrmnavjet/IRC2026/ircWS/src/planner/include/stack/irc_planner.hpp:871:17:[m[K [01;35m[Kwarning: [m[Kâ€˜[01m[Kplanner::search_init[m[Kâ€™ defined but not used [[01;35m[K]8;;https://gcc.gnu.org/onlinedocs/gcc/Warning-Options.html#index-Wunused-variable-Wunused-variable]8;;[m[K]
[27.835s]   871 |     static bool [01;35m[Ksearch_init[m[K = false;
[27.835s]       |                 [01;35m[K^~~~~~~~~~~[m[K
[27.993s] gmake[2]: *** [CMakeFiles/irc_planner_node.dir/build.make:76: CMakeFiles/irc_planner_node.dir/src/irc_planner_node.cpp.o] Error 1
[27.994s] gmake[1]: *** [CMakeFiles/Makefile2:277: CMakeFiles/irc_planner_node.dir/all] Error 2
[27.995s] gmake: *** [Makefile:146: all] Error 2
[28.002s] Invoked command in '/home/mrmnavjet/IRC2026/ircWS/build/planner' returned '2': CMAKE_PREFIX_PATH=/home/mrmnavjet/IRC2026/ircWS/install/custom_msgs:/home/mrmnavjet/zed_ros_ws/install/zed_ros2:/home/mrmnavjet/zed_ros_ws/install/zed_wrapper:/home/mrmnavjet/zed_ros_ws/install/zed_components:/home/mrmnavjet/IRC2026/ircWS/install/planner:/home/mrmnavjet/test/ERC2025/install/planner:/home/mrmnavjet/test/ERC2025/install/robot_interface:/home/mrmnavjet/test/ERC2025/install/leo_rover:/home/mrmnavjet/IRC2026/ircWS/install/yolo:/home/mrmnavjet/IRC2026/ircWS/install/gps:/home/mrmnavjet/test/ERC2025/install/leo_nodes:/home/mrmnavjet/test/ERC2025/install/gps:/opt/ros/humble LD_LIBRARY_PATH=/home/mrmnavjet/IRC2026/ircWS/install/custom_msgs/lib:/home/mrmnavjet/zed_ros_ws/install/zed_components/lib:/home/mrmnavjet/test/ERC2025/install/robot_interface/lib:/opt/ros/humble/opt/rviz_ogre_vendor/lib:/opt/ros/humble/lib/aarch64-linux-gnu:/opt/ros/humble/lib:/usr/local/cuda-12.6/lib64 /usr/bin/cmake --build /home/mrmnavjet/IRC2026/ircWS/build/planner -- -j6 -l6
