In file included from [01m[K/home/mrmnavjet/IRC2026/ircWS/src/planner/src/irc_planner_node.cpp:3[m[K:
[01m[K/home/mrmnavjet/IRC2026/ircWS/src/planner/include/stack/irc_planner.hpp:1240:13:[m[K [01;31m[Kerror: [m[Kredefinition of â€˜[01m[Kbool planner::SensorCallback::getGPSStatus()[m[Kâ€™
 1240 | inline bool [01;31m[KSensorCallback[m[K::getGPSStatus()
      |             [01;31m[K^~~~~~~~~~~~~~[m[K
[01m[K/home/mrmnavjet/IRC2026/ircWS/src/planner/include/stack/irc_planner.hpp:1230:13:[m[K [01;36m[Knote: [m[Kâ€˜[01m[Kbool planner::SensorCallback::getGPSStatus()[m[Kâ€™ previously defined here
 1230 | inline bool [01;36m[KSensorCallback[m[K::getGPSStatus()
      |             [01;36m[K^~~~~~~~~~~~~~[m[K
[01m[K/home/mrmnavjet/IRC2026/ircWS/src/planner/include/stack/irc_planner.hpp:1245:13:[m[K [01;31m[Kerror: [m[Kredefinition of â€˜[01m[Kvoid planner::SensorCallback::setGPSStatus(bool)[m[Kâ€™
 1245 | inline void [01;31m[KSensorCallback[m[K::setGPSStatus(bool status)
      |             [01;31m[K^~~~~~~~~~~~~~[m[K
[01m[K/home/mrmnavjet/IRC2026/ircWS/src/planner/include/stack/irc_planner.hpp:1235:13:[m[K [01;36m[Knote: [m[Kâ€˜[01m[Kvoid planner::SensorCallback::setGPSStatus(bool)[m[Kâ€™ previously defined here
 1235 | inline void [01;36m[KSensorCallback[m[K::setGPSStatus(bool status)
      |             [01;36m[K^~~~~~~~~~~~~~[m[K
gmake[2]: *** [CMakeFiles/irc_planner_node.dir/build.make:76: CMakeFiles/irc_planner_node.dir/src/irc_planner_node.cpp.o] Error 1
gmake[1]: *** [CMakeFiles/Makefile2:277: CMakeFiles/irc_planner_node.dir/all] Error 2
gmake: *** [Makefile:146: all] Error 2
