[0.035s] Invoking command in '/home/mrmnavjet/IRC2026/ircWS/build/planner': CMAKE_PREFIX_PATH=/home/mrmnavjet/IRC2026/ircWS/install/custom_msgs:/home/mrmnavjet/zed_ros_ws/install/zed_ros2:/home/mrmnavjet/zed_ros_ws/install/zed_wrapper:/home/mrmnavjet/zed_ros_ws/install/zed_components:/home/mrmnavjet/IRC2026/ircWS/install/planner:/home/mrmnavjet/test/ERC2025/install/planner:/home/mrmnavjet/test/ERC2025/install/robot_interface:/home/mrmnavjet/test/ERC2025/install/leo_rover:/home/mrmnavjet/IRC2026/ircWS/install/yolo:/home/mrmnavjet/IRC2026/ircWS/install/gps:/home/mrmnavjet/test/ERC2025/install/leo_nodes:/home/mrmnavjet/test/ERC2025/install/gps:/opt/ros/humble LD_LIBRARY_PATH=/home/mrmnavjet/IRC2026/ircWS/install/custom_msgs/lib:/home/mrmnavjet/zed_ros_ws/install/zed_components/lib:/home/mrmnavjet/test/ERC2025/install/robot_interface/lib:/opt/ros/humble/opt/rviz_ogre_vendor/lib:/opt/ros/humble/lib/aarch64-linux-gnu:/opt/ros/humble/lib:/usr/local/cuda-12.6/lib64 /usr/bin/cmake --build /home/mrmnavjet/IRC2026/ircWS/build/planner -- -j6 -l6
[0.180s] [35m[1mConsolidate compiler generated dependencies of target irc_planner_node[0m
[0.192s] [ 16%] Built target shared_state
[0.254s] [ 33%] Built target relay_node
[0.259s] [ 58%] Built target stack_node
[0.260s] [ 66%] Built target imu_conversion_node
[0.260s] [ 83%] Built target motorcontroller
[0.316s] [ 91%] [32mBuilding CXX object CMakeFiles/irc_planner_node.dir/src/irc_planner_node.cpp.o[0m
[13.180s] In file included from [01m[K/home/mrmnavjet/IRC2026/ircWS/src/planner/src/irc_planner_node.cpp:3[m[K:
[13.180s] [01m[K/home/mrmnavjet/IRC2026/ircWS/src/planner/include/stack/irc_planner.hpp:1240:13:[m[K [01;31m[Kerror: [m[Kredefinition of â€˜[01m[Kbool planner::SensorCallback::getGPSStatus()[m[Kâ€™
[13.181s]  1240 | inline bool [01;31m[KSensorCallback[m[K::getGPSStatus()
[13.181s]       |             [01;31m[K^~~~~~~~~~~~~~[m[K
[13.181s] [01m[K/home/mrmnavjet/IRC2026/ircWS/src/planner/include/stack/irc_planner.hpp:1230:13:[m[K [01;36m[Knote: [m[Kâ€˜[01m[Kbool planner::SensorCallback::getGPSStatus()[m[Kâ€™ previously defined here
[13.181s]  1230 | inline bool [01;36m[KSensorCallback[m[K::getGPSStatus()
[13.181s]       |             [01;36m[K^~~~~~~~~~~~~~[m[K
[13.181s] [01m[K/home/mrmnavjet/IRC2026/ircWS/src/planner/include/stack/irc_planner.hpp:1245:13:[m[K [01;31m[Kerror: [m[Kredefinition of â€˜[01m[Kvoid planner::SensorCallback::setGPSStatus(bool)[m[Kâ€™
[13.181s]  1245 | inline void [01;31m[KSensorCallback[m[K::setGPSStatus(bool status)
[13.181s]       |             [01;31m[K^~~~~~~~~~~~~~[m[K
[13.182s] [01m[K/home/mrmnavjet/IRC2026/ircWS/src/planner/include/stack/irc_planner.hpp:1235:13:[m[K [01;36m[Knote: [m[Kâ€˜[01m[Kvoid planner::SensorCallback::setGPSStatus(bool)[m[Kâ€™ previously defined here
[13.182s]  1235 | inline void [01;36m[KSensorCallback[m[K::setGPSStatus(bool status)
[13.182s]       |             [01;36m[K^~~~~~~~~~~~~~[m[K
[28.422s] gmake[2]: *** [CMakeFiles/irc_planner_node.dir/build.make:76: CMakeFiles/irc_planner_node.dir/src/irc_planner_node.cpp.o] Error 1
[28.422s] gmake[1]: *** [CMakeFiles/Makefile2:277: CMakeFiles/irc_planner_node.dir/all] Error 2
[28.423s] gmake: *** [Makefile:146: all] Error 2
[28.431s] Invoked command in '/home/mrmnavjet/IRC2026/ircWS/build/planner' returned '2': CMAKE_PREFIX_PATH=/home/mrmnavjet/IRC2026/ircWS/install/custom_msgs:/home/mrmnavjet/zed_ros_ws/install/zed_ros2:/home/mrmnavjet/zed_ros_ws/install/zed_wrapper:/home/mrmnavjet/zed_ros_ws/install/zed_components:/home/mrmnavjet/IRC2026/ircWS/install/planner:/home/mrmnavjet/test/ERC2025/install/planner:/home/mrmnavjet/test/ERC2025/install/robot_interface:/home/mrmnavjet/test/ERC2025/install/leo_rover:/home/mrmnavjet/IRC2026/ircWS/install/yolo:/home/mrmnavjet/IRC2026/ircWS/install/gps:/home/mrmnavjet/test/ERC2025/install/leo_nodes:/home/mrmnavjet/test/ERC2025/install/gps:/opt/ros/humble LD_LIBRARY_PATH=/home/mrmnavjet/IRC2026/ircWS/install/custom_msgs/lib:/home/mrmnavjet/zed_ros_ws/install/zed_components/lib:/home/mrmnavjet/test/ERC2025/install/robot_interface/lib:/opt/ros/humble/opt/rviz_ogre_vendor/lib:/opt/ros/humble/lib/aarch64-linux-gnu:/opt/ros/humble/lib:/usr/local/cuda-12.6/lib64 /usr/bin/cmake --build /home/mrmnavjet/IRC2026/ircWS/build/planner -- -j6 -l6
