In file included from [01m[K/home/mrmnavjet/IRC2026/ircWS/src/planner/src/irc_planner_node.cpp:3[m[K:
[01m[K/home/mrmnavjet/IRC2026/ircWS/src/planner/include/stack/irc_planner.hpp:[m[K In member function â€˜[01m[Kvoid planner::SensorCallback::stackRun()[m[Kâ€™:
[01m[K/home/mrmnavjet/IRC2026/ircWS/src/planner/include/stack/irc_planner.hpp:278:41:[m[K [01;31m[Kerror: [m[Kâ€˜[01m[KnavSelect[m[Kâ€™ was not declared in this scope; did you mean â€˜[01m[Kselect[m[Kâ€™?
  278 |             case kNavigationModeSelect: [01;31m[KnavSelect[m[K(); break;
      |                                         [01;31m[K^~~~~~~~~[m[K
      |                                         [32m[Kselect[m[K
gmake[2]: *** [CMakeFiles/irc_planner_node.dir/build.make:76: CMakeFiles/irc_planner_node.dir/src/irc_planner_node.cpp.o] Error 1
gmake[1]: *** [CMakeFiles/Makefile2:277: CMakeFiles/irc_planner_node.dir/all] Error 2
gmake: *** [Makefile:146: all] Error 2
